<?xml version="1.0" encoding="UTF-8"?>
<!-- Generated by org.testng.reporters.JUnitXMLReporter -->
<testsuite ignored="0" hostname="DESKTOP-IL6C7HF" failures="0" tests="1" name="ECommerceTest" time="0.059" errors="0" timestamp="2024-01-04T17:45:18 IST">
  <testcase classname="com.capstone.tests.BaseTest" name="@BeforeSuite setUp" time="0.107">
    <failure type="java.lang.IllegalStateException" message="The driver executable does not exist: C:\Users\LENOVO-VSC\Desktop\Capstone\chromedriver">
      <![CDATA[java.lang.IllegalStateException: The driver executable does not exist: C:\Users\LENOVO-VSC\Desktop\Capstone\chromedriver
at com.google.common.base.Preconditions.checkState(Preconditions.java:585)
at org.openqa.selenium.remote.service.DriverService.checkExecutable(DriverService.java:146)
at org.openqa.selenium.remote.service.DriverService.findExecutable(DriverService.java:141)
at org.openqa.selenium.chrome.ChromeDriverService.access$000(ChromeDriverService.java:35)
at org.openqa.selenium.chrome.ChromeDriverService$Builder.findDefaultExecutable(ChromeDriverService.java:159)
at org.openqa.selenium.remote.service.DriverService$Builder.build(DriverService.java:355)
at org.openqa.selenium.chrome.ChromeDriverService.createDefaultService(ChromeDriverService.java:94)
at org.openqa.selenium.chrome.ChromeDriver.<init>(ChromeDriver.java:123)
at com.capstone.tests.BaseTest.setUp(BaseTest.java:19)
... Removed 19 stack frames]]>
    </failure>
  </testcase> <!-- @BeforeSuite setUp -->
  <testcase classname="com.capstone.tests.TestClass" name="testECommerceScenario" time="0.0">
    <skipped/>
  </testcase> <!-- testECommerceScenario -->
</testsuite> <!-- ECommerceTest -->
